This file contains any messages produced by compilers while
running configure, to aid debugging if configure makes a mistake.

It was created by libatomic_ops configure 1.2, which was
generated by GNU Autoconf 2.63.  Invocation command line was

  $ ./configure --disable-option-checking --prefix=/usr/local --cache-file=/dev/null --srcdir=.

## --------- ##
## Platform. ##
## --------- ##

hostname = dorami.local
uname -m = i386
uname -r = 9.6.0
uname -s = Darwin
uname -v = Darwin Kernel Version 9.6.0: Mon Nov 24 17:37:00 PST 2008; root:xnu-1228.9.59~1/RELEASE_I386

/usr/bin/uname -p = i386
/bin/uname -X     = unknown

/bin/arch              = unknown
/usr/bin/arch -k       = unknown
/usr/convex/getsysinfo = unknown
/usr/bin/hostinfo      = Mach kernel version:
	 Darwin Kernel Version 9.6.0: Mon Nov 24 17:37:00 PST 2008; root:xnu-1228.9.59~1/RELEASE_I386
Kernel configured for up to 2 processors.
2 processors are physically available.
2 processors are logically available.
Processor type: i486 (Intel 80486)
Processors active: 0 1
Primary memory available: 2.00 gigabytes
Default processor set: 128 tasks, 401 threads, 2 processors
Load average: 1.94, Mach factor: 0.46
/bin/machine           = unknown
/usr/bin/oslevel       = unknown
/bin/universe          = unknown

PATH: /Users/taro/bin
PATH: /opt/local/bin
PATH: /opt/local/sbin
PATH: /usr/local/bin
PATH: /usr/local/mysql/bin
PATH: /usr/bin
PATH: /bin
PATH: /usr/sbin
PATH: /sbin


## ----------- ##
## Core tests. ##
## ----------- ##

configure:1886: checking build system type
configure:1904: result: i386-apple-darwin9.6.0
configure:1926: checking host system type
configure:1941: result: i386-apple-darwin9.6.0
configure:1963: checking target system type
configure:1978: result: i386-apple-darwin9.6.0
configure:2023: checking for a BSD-compatible install
configure:2091: result: /usr/bin/install -c
configure:2102: checking whether build environment is sane
configure:2145: result: yes
configure:2170: checking for a thread-safe mkdir -p
configure:2209: result: ./install-sh -c -d
configure:2222: checking for gawk
configure:2252: result: no
configure:2222: checking for mawk
configure:2252: result: no
configure:2222: checking for nawk
configure:2252: result: no
configure:2222: checking for awk
configure:2238: found /usr/bin/awk
configure:2249: result: awk
configure:2260: checking whether make sets $(MAKE)
configure:2282: result: yes
configure:2509: checking for ranlib
configure:2525: found /usr/bin/ranlib
configure:2536: result: ranlib
configure:2611: checking for gcc
configure:2627: found /usr/bin/gcc
configure:2638: result: gcc
configure:2870: checking for C compiler version
configure:2878: gcc --version >&5
i686-apple-darwin9-gcc-4.0.1 (GCC) 4.0.1 (Apple Inc. build 5465)
Copyright (C) 2005 Free Software Foundation, Inc.
This is free software; see the source for copying conditions.  There is NO
warranty; not even for MERCHANTABILITY or FITNESS FOR A PARTICULAR PURPOSE.

configure:2882: $? = 0
configure:2889: gcc -v >&5
Using built-in specs.
Target: i686-apple-darwin9
Configured with: /var/tmp/gcc/gcc-5465~16/src/configure --disable-checking -enable-werror --prefix=/usr --mandir=/share/man --enable-languages=c,objc,c++,obj-c++ --program-transform-name=/^[cg][^.-]*$/s/$/-4.0/ --with-gxx-include-dir=/include/c++/4.0.0 --with-slibdir=/usr/lib --build=i686-apple-darwin9 --with-arch=apple --with-tune=generic --host=i686-apple-darwin9 --target=i686-apple-darwin9
Thread model: posix
gcc version 4.0.1 (Apple Inc. build 5465)
configure:2893: $? = 0
configure:2900: gcc -V >&5
gcc-4.0: argument to `-V' is missing
configure:2904: $? = 1
configure:2927: checking for C compiler default output file name
configure:2949: gcc    conftest.c  >&5
configure:2953: $? = 0
configure:2991: result: a.out
configure:3010: checking whether the C compiler works
configure:3020: ./a.out
configure:3024: $? = 0
configure:3043: result: yes
configure:3050: checking whether we are cross compiling
configure:3052: result: no
configure:3055: checking for suffix of executables
configure:3062: gcc -o conftest    conftest.c  >&5
configure:3066: $? = 0
configure:3092: result: 
configure:3098: checking for suffix of object files
configure:3124: gcc -c   conftest.c >&5
configure:3128: $? = 0
configure:3153: result: o
configure:3157: checking whether we are using the GNU C compiler
configure:3186: gcc -c   conftest.c >&5
configure:3193: $? = 0
configure:3210: result: yes
configure:3219: checking whether gcc accepts -g
configure:3249: gcc -c -g  conftest.c >&5
configure:3256: $? = 0
configure:3357: result: yes
configure:3374: checking for gcc option to accept ISO C89
configure:3448: gcc  -c -g -O2  conftest.c >&5
configure:3455: $? = 0
configure:3478: result: none needed
configure:3507: checking for style of include used by make
configure:3535: result: GNU
configure:3560: checking dependency style of gcc
configure:3651: result: gcc3
configure:3675: checking dependency style of gcc
configure:3766: result: gcc3
configure:3789: checking how to run the C preprocessor
configure:3829: gcc -E  conftest.c
configure:3836: $? = 0
configure:3867: gcc -E  conftest.c
conftest.c:10:28: error: ac_nonexistent.h: No such file or directory
configure:3874: $? = 1
configure: failed program was:
| /* confdefs.h.  */
| #define PACKAGE_NAME "libatomic_ops"
| #define PACKAGE_TARNAME "libatomic_ops"
| #define PACKAGE_VERSION "1.2"
| #define PACKAGE_STRING "libatomic_ops 1.2"
| #define PACKAGE_BUGREPORT ""
| #define PACKAGE "libatomic_ops"
| #define VERSION "1.2"
| /* end confdefs.h.  */
| #include <ac_nonexistent.h>
configure:3907: result: gcc -E
configure:3936: gcc -E  conftest.c
configure:3943: $? = 0
configure:3974: gcc -E  conftest.c
conftest.c:10:28: error: ac_nonexistent.h: No such file or directory
configure:3981: $? = 1
configure: failed program was:
| /* confdefs.h.  */
| #define PACKAGE_NAME "libatomic_ops"
| #define PACKAGE_TARNAME "libatomic_ops"
| #define PACKAGE_VERSION "1.2"
| #define PACKAGE_STRING "libatomic_ops 1.2"
| #define PACKAGE_BUGREPORT ""
| #define PACKAGE "libatomic_ops"
| #define VERSION "1.2"
| /* end confdefs.h.  */
| #include <ac_nonexistent.h>
configure:4021: checking for grep that handles long lines and -e
configure:4081: result: /usr/bin/grep
configure:4086: checking for egrep
configure:4150: result: /usr/bin/grep -E
configure:4155: checking for ANSI C header files
configure:4185: gcc -c -g -O2  conftest.c >&5
configure:4192: $? = 0
configure:4291: gcc -o conftest -g -O2   conftest.c  >&5
configure:4295: $? = 0
configure:4301: ./conftest
configure:4305: $? = 0
configure:4323: result: yes
configure:4347: checking for sys/types.h
configure:4368: gcc -c -g -O2  conftest.c >&5
configure:4375: $? = 0
configure:4392: result: yes
configure:4347: checking for sys/stat.h
configure:4368: gcc -c -g -O2  conftest.c >&5
configure:4375: $? = 0
configure:4392: result: yes
configure:4347: checking for stdlib.h
configure:4368: gcc -c -g -O2  conftest.c >&5
configure:4375: $? = 0
configure:4392: result: yes
configure:4347: checking for string.h
configure:4368: gcc -c -g -O2  conftest.c >&5
configure:4375: $? = 0
configure:4392: result: yes
configure:4347: checking for memory.h
configure:4368: gcc -c -g -O2  conftest.c >&5
configure:4375: $? = 0
configure:4392: result: yes
configure:4347: checking for strings.h
configure:4368: gcc -c -g -O2  conftest.c >&5
configure:4375: $? = 0
configure:4392: result: yes
configure:4347: checking for inttypes.h
configure:4368: gcc -c -g -O2  conftest.c >&5
configure:4375: $? = 0
configure:4392: result: yes
configure:4347: checking for stdint.h
configure:4368: gcc -c -g -O2  conftest.c >&5
configure:4375: $? = 0
configure:4392: result: yes
configure:4347: checking for unistd.h
configure:4368: gcc -c -g -O2  conftest.c >&5
configure:4375: $? = 0
configure:4392: result: yes
configure:4412: checking for stdlib.h
configure:4419: result: yes
configure:4412: checking for unistd.h
configure:4419: result: yes
configure:4557: checking for getpagesize
configure:4613: gcc -o conftest -g -O2   conftest.c  >&5
configure:4620: $? = 0
configure:4642: result: yes
configure:4654: checking for working mmap
configure:4801: gcc -o conftest -g -O2   conftest.c  >&5
configure:4805: $? = 0
configure:4811: ./conftest
configure:4815: $? = 0
configure:4832: result: yes
configure:4845: checking for ANSI C header files
configure:5013: result: yes
configure:5028: checking Determining PIC compiler flag
configure:5031: result: -fPIC
configure:5213: creating ./config.status

## ---------------------- ##
## Running config.status. ##
## ---------------------- ##

This file was extended by libatomic_ops config.status 1.2, which was
generated by GNU Autoconf 2.63.  Invocation command line was

  CONFIG_FILES    = 
  CONFIG_HEADERS  = 
  CONFIG_LINKS    = 
  CONFIG_COMMANDS = 
  $ ./config.status 

on dorami.local

config.status:804: creating Makefile
config.status:804: creating src/Makefile
config.status:804: creating src/atomic_ops/Makefile
config.status:804: creating src/atomic_ops/sysdeps/Makefile
config.status:804: creating doc/Makefile
config.status:804: creating tests/Makefile
config.status:804: creating src/config.h
config.status:1026: src/config.h is unchanged
config.status:1078: executing depfiles commands
config.status:1078: executing default commands

## ---------------- ##
## Cache variables. ##
## ---------------- ##

ac_cv_build=i386-apple-darwin9.6.0
ac_cv_c_compiler_gnu=yes
ac_cv_env_CCASFLAGS_set=
ac_cv_env_CCASFLAGS_value=
ac_cv_env_CCAS_set=
ac_cv_env_CCAS_value=
ac_cv_env_CC_set=
ac_cv_env_CC_value=
ac_cv_env_CFLAGS_set=
ac_cv_env_CFLAGS_value=
ac_cv_env_CPPFLAGS_set=
ac_cv_env_CPPFLAGS_value=
ac_cv_env_CPP_set=
ac_cv_env_CPP_value=
ac_cv_env_LDFLAGS_set=
ac_cv_env_LDFLAGS_value=
ac_cv_env_LIBS_set=
ac_cv_env_LIBS_value=
ac_cv_env_build_alias_set=
ac_cv_env_build_alias_value=
ac_cv_env_host_alias_set=
ac_cv_env_host_alias_value=
ac_cv_env_target_alias_set=
ac_cv_env_target_alias_value=
ac_cv_func_getpagesize=yes
ac_cv_func_mmap_fixed_mapped=yes
ac_cv_header_inttypes_h=yes
ac_cv_header_memory_h=yes
ac_cv_header_stdc=yes
ac_cv_header_stdint_h=yes
ac_cv_header_stdlib_h=yes
ac_cv_header_string_h=yes
ac_cv_header_strings_h=yes
ac_cv_header_sys_stat_h=yes
ac_cv_header_sys_types_h=yes
ac_cv_header_unistd_h=yes
ac_cv_host=i386-apple-darwin9.6.0
ac_cv_objext=o
ac_cv_path_EGREP='/usr/bin/grep -E'
ac_cv_path_GREP=/usr/bin/grep
ac_cv_path_install='/usr/bin/install -c'
ac_cv_prog_AWK=awk
ac_cv_prog_CPP='gcc -E'
ac_cv_prog_ac_ct_CC=gcc
ac_cv_prog_ac_ct_RANLIB=ranlib
ac_cv_prog_cc_c89=
ac_cv_prog_cc_g=yes
ac_cv_prog_make_make_set=yes
ac_cv_target=i386-apple-darwin9.6.0
am_cv_CCAS_dependencies_compiler_type=gcc3
am_cv_CC_dependencies_compiler_type=gcc3

## ----------------- ##
## Output variables. ##
## ----------------- ##

ACLOCAL='${SHELL} /Users/taro/mosh/gc-7.1alpha3/libatomic_ops/missing --run aclocal-1.10'
AMDEPBACKSLASH='\'
AMDEP_FALSE='#'
AMDEP_TRUE=''
AMTAR='${SHELL} /Users/taro/mosh/gc-7.1alpha3/libatomic_ops/missing --run tar'
AUTOCONF='${SHELL} /Users/taro/mosh/gc-7.1alpha3/libatomic_ops/missing --run autoconf'
AUTOHEADER='${SHELL} /Users/taro/mosh/gc-7.1alpha3/libatomic_ops/missing --run autoheader'
AUTOMAKE='${SHELL} /Users/taro/mosh/gc-7.1alpha3/libatomic_ops/missing --run automake-1.10'
AWK='awk'
CC='gcc'
CCAS='gcc'
CCASDEPMODE='depmode=gcc3'
CCASFLAGS='-g -O2'
CCDEPMODE='depmode=gcc3'
CFLAGS='-g -O2 -DNDEBUG'
CPP='gcc -E'
CPPFLAGS=''
CYGPATH_W='echo'
DEFS='-DHAVE_CONFIG_H'
DEPDIR='.deps'
ECHO_C='\c'
ECHO_N=''
ECHO_T=''
EGREP='/usr/bin/grep -E'
EXEEXT=''
GREP='/usr/bin/grep'
INSTALL_DATA='${INSTALL} -m 644'
INSTALL_PROGRAM='${INSTALL}'
INSTALL_SCRIPT='${INSTALL}'
INSTALL_STRIP_PROGRAM='$(install_sh) -c -s'
LDFLAGS=''
LIBOBJS=''
LIBS=''
LTLIBOBJS=''
MAKEINFO='${SHELL} /Users/taro/mosh/gc-7.1alpha3/libatomic_ops/missing --run makeinfo'
MKDIR_P='./install-sh -c -d'
NEED_ASM_FALSE=''
NEED_ASM_TRUE='#'
OBJEXT='o'
PACKAGE='libatomic_ops'
PACKAGE_BUGREPORT=''
PACKAGE_NAME='libatomic_ops'
PACKAGE_STRING='libatomic_ops 1.2'
PACKAGE_TARNAME='libatomic_ops'
PACKAGE_VERSION='1.2'
PATH_SEPARATOR=':'
PICFLAG='-fPIC'
RANLIB='ranlib'
SET_MAKE=''
SHELL='/bin/sh'
STRIP=''
VERSION='1.2'
ac_ct_CC='gcc'
am__fastdepCCAS_FALSE='#'
am__fastdepCCAS_TRUE=''
am__fastdepCC_FALSE='#'
am__fastdepCC_TRUE=''
am__include='include'
am__isrc=''
am__leading_dot='.'
am__quote=''
am__tar='${AMTAR} chof - "$$tardir"'
am__untar='${AMTAR} xf -'
bindir='${exec_prefix}/bin'
build='i386-apple-darwin9.6.0'
build_alias=''
build_cpu='i386'
build_os='darwin9.6.0'
build_vendor='apple'
datadir='${datarootdir}'
datarootdir='${prefix}/share'
docdir='${datarootdir}/doc/${PACKAGE_TARNAME}'
dvidir='${docdir}'
exec_prefix='${prefix}'
host='i386-apple-darwin9.6.0'
host_alias=''
host_cpu='i386'
host_os='darwin9.6.0'
host_vendor='apple'
htmldir='${docdir}'
includedir='${prefix}/include'
infodir='${datarootdir}/info'
install_sh='$(SHELL) /Users/taro/mosh/gc-7.1alpha3/libatomic_ops/install-sh'
libdir='${exec_prefix}/lib'
libexecdir='${exec_prefix}/libexec'
localedir='${datarootdir}/locale'
localstatedir='${prefix}/var'
mandir='${datarootdir}/man'
mkdir_p='$(top_builddir)/./install-sh -c -d'
oldincludedir='/usr/include'
pdfdir='${docdir}'
prefix='/usr/local'
program_transform_name='s,x,x,'
psdir='${docdir}'
sbindir='${exec_prefix}/sbin'
sharedstatedir='${prefix}/com'
sysconfdir='${prefix}/etc'
target='i386-apple-darwin9.6.0'
target_alias=''
target_cpu='i386'
target_os='darwin9.6.0'
target_vendor='apple'

## ----------- ##
## confdefs.h. ##
## ----------- ##

#define PACKAGE_NAME "libatomic_ops"
#define PACKAGE_TARNAME "libatomic_ops"
#define PACKAGE_VERSION "1.2"
#define PACKAGE_STRING "libatomic_ops 1.2"
#define PACKAGE_BUGREPORT ""
#define PACKAGE "libatomic_ops"
#define VERSION "1.2"
#define STDC_HEADERS 1
#define HAVE_SYS_TYPES_H 1
#define HAVE_SYS_STAT_H 1
#define HAVE_STDLIB_H 1
#define HAVE_STRING_H 1
#define HAVE_MEMORY_H 1
#define HAVE_STRINGS_H 1
#define HAVE_INTTYPES_H 1
#define HAVE_STDINT_H 1
#define HAVE_UNISTD_H 1
#define HAVE_STDLIB_H 1
#define HAVE_UNISTD_H 1
#define HAVE_GETPAGESIZE 1
#define HAVE_MMAP 1
#define STDC_HEADERS 1

configure: exit 0
