This file contains any messages produced by compilers while
running configure, to aid debugging if configure makes a mistake.

It was created by libatomic_ops configure 1.2, which was
generated by GNU Autoconf 2.61.  Invocation command line was

  $ ./configure --prefix=/usr/local --cache-file=/dev/null --srcdir=.

## --------- ##
## Platform. ##
## --------- ##

hostname = dorami.local
uname -m = i386
uname -r = 9.4.0
uname -s = Darwin
uname -v = Darwin Kernel Version 9.4.0: Mon Jun  9 19:30:53 PDT 2008; root:xnu-1228.5.20~1/RELEASE_I386

/usr/bin/uname -p = i386
/bin/uname -X     = unknown

/bin/arch              = unknown
/usr/bin/arch -k       = unknown
/usr/convex/getsysinfo = unknown
/usr/bin/hostinfo      = Mach kernel version:
	 Darwin Kernel Version 9.4.0: Mon Jun  9 19:30:53 PDT 2008; root:xnu-1228.5.20~1/RELEASE_I386
Kernel configured for up to 2 processors.
2 processors are physically available.
2 processors are logically available.
Processor type: i486 (Intel 80486)
Processors active: 0 1
Primary memory available: 2.00 gigabytes
Default processor set: 110 tasks, 378 threads, 2 processors
Load average: 1.32, Mach factor: 0.76
/bin/machine           = unknown
/usr/bin/oslevel       = unknown
/bin/universe          = unknown

PATH: /Users/taro/bin
PATH: /opt/local/bin
PATH: /opt/local/sbin
PATH: /usr/local/bin
PATH: /usr/local/mysql/bin
PATH: /usr/bin
PATH: /bin
PATH: /usr/sbin
PATH: /sbin


## ----------- ##
## Core tests. ##
## ----------- ##

configure:1791: checking build system type
configure:1809: result: i386-apple-darwin9.4.0
configure:1831: checking host system type
configure:1846: result: i386-apple-darwin9.4.0
configure:1868: checking target system type
configure:1883: result: i386-apple-darwin9.4.0
configure:1927: checking for a BSD-compatible install
configure:1983: result: /usr/bin/install -c
configure:1994: checking whether build environment is sane
configure:2037: result: yes
configure:2065: checking for a thread-safe mkdir -p
configure:2104: result: ./install-sh -c -d
configure:2117: checking for gawk
configure:2147: result: no
configure:2117: checking for mawk
configure:2147: result: no
configure:2117: checking for nawk
configure:2147: result: no
configure:2117: checking for awk
configure:2133: found /usr/bin/awk
configure:2144: result: awk
configure:2155: checking whether make sets $(MAKE)
configure:2176: result: yes
configure:2407: checking for ranlib
configure:2423: found /usr/bin/ranlib
configure:2434: result: ranlib
configure:2513: checking for gcc
configure:2529: found /usr/bin/gcc
configure:2540: result: gcc
configure:2778: checking for C compiler version
configure:2785: gcc --version >&5
i686-apple-darwin9-gcc-4.0.1 (GCC) 4.0.1 (Apple Inc. build 5465)
Copyright (C) 2005 Free Software Foundation, Inc.
This is free software; see the source for copying conditions.  There is NO
warranty; not even for MERCHANTABILITY or FITNESS FOR A PARTICULAR PURPOSE.

configure:2788: $? = 0
configure:2795: gcc -v >&5
Using built-in specs.
Target: i686-apple-darwin9
Configured with: /var/tmp/gcc/gcc-5465~16/src/configure --disable-checking -enable-werror --prefix=/usr --mandir=/share/man --enable-languages=c,objc,c++,obj-c++ --program-transform-name=/^[cg][^.-]*$/s/$/-4.0/ --with-gxx-include-dir=/include/c++/4.0.0 --with-slibdir=/usr/lib --build=i686-apple-darwin9 --with-arch=apple --with-tune=generic --host=i686-apple-darwin9 --target=i686-apple-darwin9
Thread model: posix
gcc version 4.0.1 (Apple Inc. build 5465)
configure:2798: $? = 0
configure:2805: gcc -V >&5
gcc-4.0: argument to `-V' is missing
configure:2808: $? = 1
configure:2831: checking for C compiler default output file name
configure:2858: gcc    conftest.c  >&5
configure:2861: $? = 0
configure:2899: result: a.out
configure:2916: checking whether the C compiler works
configure:2926: ./a.out
configure:2929: $? = 0
configure:2946: result: yes
configure:2953: checking whether we are cross compiling
configure:2955: result: no
configure:2958: checking for suffix of executables
configure:2965: gcc -o conftest    conftest.c  >&5
configure:2968: $? = 0
configure:2992: result: 
configure:2998: checking for suffix of object files
configure:3024: gcc -c   conftest.c >&5
configure:3027: $? = 0
configure:3050: result: o
configure:3054: checking whether we are using the GNU C compiler
configure:3083: gcc -c   conftest.c >&5
configure:3089: $? = 0
configure:3106: result: yes
configure:3111: checking whether gcc accepts -g
configure:3141: gcc -c -g  conftest.c >&5
configure:3147: $? = 0
configure:3246: result: yes
configure:3263: checking for gcc option to accept ISO C89
configure:3337: gcc  -c -g -O2  conftest.c >&5
configure:3343: $? = 0
configure:3366: result: none needed
configure:3395: checking for style of include used by make
configure:3423: result: GNU
configure:3448: checking dependency style of gcc
configure:3539: result: gcc3
configure:3563: checking dependency style of gcc
configure:3654: result: gcc3
configure:3677: checking how to run the C preprocessor
configure:3717: gcc -E  conftest.c
configure:3723: $? = 0
configure:3754: gcc -E  conftest.c
conftest.c:10:28: error: ac_nonexistent.h: No such file or directory
configure:3760: $? = 1
configure: failed program was:
| /* confdefs.h.  */
| #define PACKAGE_NAME "libatomic_ops"
| #define PACKAGE_TARNAME "libatomic_ops"
| #define PACKAGE_VERSION "1.2"
| #define PACKAGE_STRING "libatomic_ops 1.2"
| #define PACKAGE_BUGREPORT ""
| #define PACKAGE "libatomic_ops"
| #define VERSION "1.2"
| /* end confdefs.h.  */
| #include <ac_nonexistent.h>
configure:3793: result: gcc -E
configure:3822: gcc -E  conftest.c
configure:3828: $? = 0
configure:3859: gcc -E  conftest.c
conftest.c:10:28: error: ac_nonexistent.h: No such file or directory
configure:3865: $? = 1
configure: failed program was:
| /* confdefs.h.  */
| #define PACKAGE_NAME "libatomic_ops"
| #define PACKAGE_TARNAME "libatomic_ops"
| #define PACKAGE_VERSION "1.2"
| #define PACKAGE_STRING "libatomic_ops 1.2"
| #define PACKAGE_BUGREPORT ""
| #define PACKAGE "libatomic_ops"
| #define VERSION "1.2"
| /* end confdefs.h.  */
| #include <ac_nonexistent.h>
configure:3903: checking for grep that handles long lines and -e
configure:3977: result: /usr/bin/grep
configure:3982: checking for egrep
configure:4060: result: /usr/bin/grep -E
configure:4065: checking for ANSI C header files
configure:4095: gcc -c -g -O2  conftest.c >&5
configure:4101: $? = 0
configure:4200: gcc -o conftest -g -O2   conftest.c  >&5
configure:4203: $? = 0
configure:4209: ./conftest
configure:4212: $? = 0
configure:4229: result: yes
configure:4253: checking for sys/types.h
configure:4274: gcc -c -g -O2  conftest.c >&5
configure:4280: $? = 0
configure:4296: result: yes
configure:4253: checking for sys/stat.h
configure:4274: gcc -c -g -O2  conftest.c >&5
configure:4280: $? = 0
configure:4296: result: yes
configure:4253: checking for stdlib.h
configure:4274: gcc -c -g -O2  conftest.c >&5
configure:4280: $? = 0
configure:4296: result: yes
configure:4253: checking for string.h
configure:4274: gcc -c -g -O2  conftest.c >&5
configure:4280: $? = 0
configure:4296: result: yes
configure:4253: checking for memory.h
configure:4274: gcc -c -g -O2  conftest.c >&5
configure:4280: $? = 0
configure:4296: result: yes
configure:4253: checking for strings.h
configure:4274: gcc -c -g -O2  conftest.c >&5
configure:4280: $? = 0
configure:4296: result: yes
configure:4253: checking for inttypes.h
configure:4274: gcc -c -g -O2  conftest.c >&5
configure:4280: $? = 0
configure:4296: result: yes
configure:4253: checking for stdint.h
configure:4274: gcc -c -g -O2  conftest.c >&5
configure:4280: $? = 0
configure:4296: result: yes
configure:4253: checking for unistd.h
configure:4274: gcc -c -g -O2  conftest.c >&5
configure:4280: $? = 0
configure:4296: result: yes
configure:4314: checking for stdlib.h
configure:4320: result: yes
configure:4314: checking for unistd.h
configure:4320: result: yes
configure:4453: checking for getpagesize
configure:4509: gcc -o conftest -g -O2   conftest.c  >&5
configure:4515: $? = 0
configure:4533: result: yes
configure:4543: checking for working mmap
configure:4690: gcc -o conftest -g -O2   conftest.c  >&5
configure:4693: $? = 0
configure:4699: ./conftest
configure:4702: $? = 0
configure:4718: result: yes
configure:4731: checking for ANSI C header files
configure:4895: result: yes
configure:4910: checking Determining PIC compiler flag
configure:4913: result: -fPIC
configure:5093: creating ./config.status

## ---------------------- ##
## Running config.status. ##
## ---------------------- ##

This file was extended by libatomic_ops config.status 1.2, which was
generated by GNU Autoconf 2.61.  Invocation command line was

  CONFIG_FILES    = 
  CONFIG_HEADERS  = 
  CONFIG_LINKS    = 
  CONFIG_COMMANDS = 
  $ ./config.status 

on dorami.local

config.status:668: creating Makefile
config.status:668: creating src/Makefile
config.status:668: creating src/atomic_ops/Makefile
config.status:668: creating src/atomic_ops/sysdeps/Makefile
config.status:668: creating doc/Makefile
config.status:668: creating tests/Makefile
config.status:668: creating src/config.h
config.status:899: src/config.h is unchanged
config.status:945: executing depfiles commands
config.status:945: executing default commands

## ---------------- ##
## Cache variables. ##
## ---------------- ##

ac_cv_build=i386-apple-darwin9.4.0
ac_cv_c_compiler_gnu=yes
ac_cv_env_CCASFLAGS_set=
ac_cv_env_CCASFLAGS_value=
ac_cv_env_CCAS_set=
ac_cv_env_CCAS_value=
ac_cv_env_CC_set=
ac_cv_env_CC_value=
ac_cv_env_CFLAGS_set=
ac_cv_env_CFLAGS_value=
ac_cv_env_CPPFLAGS_set=
ac_cv_env_CPPFLAGS_value=
ac_cv_env_CPP_set=
ac_cv_env_CPP_value=
ac_cv_env_LDFLAGS_set=
ac_cv_env_LDFLAGS_value=
ac_cv_env_LIBS_set=
ac_cv_env_LIBS_value=
ac_cv_env_build_alias_set=
ac_cv_env_build_alias_value=
ac_cv_env_host_alias_set=
ac_cv_env_host_alias_value=
ac_cv_env_target_alias_set=
ac_cv_env_target_alias_value=
ac_cv_func_getpagesize=yes
ac_cv_func_mmap_fixed_mapped=yes
ac_cv_header_inttypes_h=yes
ac_cv_header_memory_h=yes
ac_cv_header_stdc=yes
ac_cv_header_stdint_h=yes
ac_cv_header_stdlib_h=yes
ac_cv_header_string_h=yes
ac_cv_header_strings_h=yes
ac_cv_header_sys_stat_h=yes
ac_cv_header_sys_types_h=yes
ac_cv_header_unistd_h=yes
ac_cv_host=i386-apple-darwin9.4.0
ac_cv_objext=o
ac_cv_path_EGREP='/usr/bin/grep -E'
ac_cv_path_GREP=/usr/bin/grep
ac_cv_path_install='/usr/bin/install -c'
ac_cv_prog_AWK=awk
ac_cv_prog_CPP='gcc -E'
ac_cv_prog_ac_ct_CC=gcc
ac_cv_prog_ac_ct_RANLIB=ranlib
ac_cv_prog_cc_c89=
ac_cv_prog_cc_g=yes
ac_cv_prog_make_make_set=yes
ac_cv_target=i386-apple-darwin9.4.0
am_cv_CCAS_dependencies_compiler_type=gcc3
am_cv_CC_dependencies_compiler_type=gcc3

## ----------------- ##
## Output variables. ##
## ----------------- ##

ACLOCAL='${SHELL} /Users/taro/repos-mosh/branches/newpsyntax-mosh/gc-7.1alpha3/libatomic_ops/missing --run aclocal-1.10'
AMDEPBACKSLASH='\'
AMDEP_FALSE='#'
AMDEP_TRUE=''
AMTAR='${SHELL} /Users/taro/repos-mosh/branches/newpsyntax-mosh/gc-7.1alpha3/libatomic_ops/missing --run tar'
AUTOCONF='${SHELL} /Users/taro/repos-mosh/branches/newpsyntax-mosh/gc-7.1alpha3/libatomic_ops/missing --run autoconf'
AUTOHEADER='${SHELL} /Users/taro/repos-mosh/branches/newpsyntax-mosh/gc-7.1alpha3/libatomic_ops/missing --run autoheader'
AUTOMAKE='${SHELL} /Users/taro/repos-mosh/branches/newpsyntax-mosh/gc-7.1alpha3/libatomic_ops/missing --run automake-1.10'
AWK='awk'
CC='gcc'
CCAS='gcc'
CCASDEPMODE='depmode=gcc3'
CCASFLAGS='-g -O2'
CCDEPMODE='depmode=gcc3'
CFLAGS='-g -O2 -DNDEBUG'
CPP='gcc -E'
CPPFLAGS=''
CYGPATH_W='echo'
DEFS='-DHAVE_CONFIG_H'
DEPDIR='.deps'
ECHO_C='ECHO_N=''
ECHO_T=''
EGREP='/usr/bin/grep -E'
EXEEXT=''
GREP='/usr/bin/grep'
INSTALL_DATA='${INSTALL} -m 644'
INSTALL_PROGRAM='${INSTALL}'
INSTALL_SCRIPT='${INSTALL}'
INSTALL_STRIP_PROGRAM='$(install_sh) -c -s'
LDFLAGS=''
LIBOBJS=''
LIBS=''
LTLIBOBJS=''
MAKEINFO='${SHELL} /Users/taro/repos-mosh/branches/newpsyntax-mosh/gc-7.1alpha3/libatomic_ops/missing --run makeinfo'
NEED_ASM_FALSE=''
NEED_ASM_TRUE='#'
OBJEXT='o'
PACKAGE='libatomic_ops'
PACKAGE_BUGREPORT=''
PACKAGE_NAME='libatomic_ops'
PACKAGE_STRING='libatomic_ops 1.2'
PACKAGE_TARNAME='libatomic_ops'
PACKAGE_VERSION='1.2'
PATH_SEPARATOR=':'
PICFLAG='-fPIC'
RANLIB='ranlib'
SET_MAKE=''
SHELL='/bin/sh'
STRIP=''
VERSION='1.2'
ac_ct_CC='gcc'
am__fastdepCCAS_FALSE='#'
am__fastdepCCAS_TRUE=''
am__fastdepCC_FALSE='#'
am__fastdepCC_TRUE=''
am__include='include'
am__isrc=''
am__leading_dot='.'
am__quote=''
am__tar='${AMTAR} chof - "$$tardir"'
am__untar='${AMTAR} xf -'
bindir='${exec_prefix}/bin'
build='i386-apple-darwin9.4.0'
build_alias=''
build_cpu='i386'
build_os='darwin9.4.0'
build_vendor='apple'
datadir='${datarootdir}'
datarootdir='${prefix}/share'
docdir='${datarootdir}/doc/${PACKAGE_TARNAME}'
dvidir='${docdir}'
exec_prefix='${prefix}'
host='i386-apple-darwin9.4.0'
host_alias=''
host_cpu='i386'
host_os='darwin9.4.0'
host_vendor='apple'
htmldir='${docdir}'
includedir='${prefix}/include'
infodir='${datarootdir}/info'
install_sh='$(SHELL) /Users/taro/repos-mosh/branches/newpsyntax-mosh/gc-7.1alpha3/libatomic_ops/install-sh'
libdir='${exec_prefix}/lib'
libexecdir='${exec_prefix}/libexec'
localedir='${datarootdir}/locale'
localstatedir='${prefix}/var'
mandir='${datarootdir}/man'
mkdir_p='$(top_builddir)/./install-sh -c -d'
oldincludedir='/usr/include'
pdfdir='${docdir}'
prefix='/usr/local'
program_transform_name='s,x,x,'
psdir='${docdir}'
sbindir='${exec_prefix}/sbin'
sharedstatedir='${prefix}/com'
sysconfdir='${prefix}/etc'
target='i386-apple-darwin9.4.0'
target_alias=''
target_cpu='i386'
target_os='darwin9.4.0'
target_vendor='apple'

## ----------- ##
## confdefs.h. ##
## ----------- ##

#define PACKAGE_NAME "libatomic_ops"
#define PACKAGE_TARNAME "libatomic_ops"
#define PACKAGE_VERSION "1.2"
#define PACKAGE_STRING "libatomic_ops 1.2"
#define PACKAGE_BUGREPORT ""
#define PACKAGE "libatomic_ops"
#define VERSION "1.2"
#define STDC_HEADERS 1
#define HAVE_SYS_TYPES_H 1
#define HAVE_SYS_STAT_H 1
#define HAVE_STDLIB_H 1
#define HAVE_STRING_H 1
#define HAVE_MEMORY_H 1
#define HAVE_STRINGS_H 1
#define HAVE_INTTYPES_H 1
#define HAVE_STDINT_H 1
#define HAVE_UNISTD_H 1
#define HAVE_STDLIB_H 1
#define HAVE_UNISTD_H 1
#define HAVE_GETPAGESIZE 1
#define HAVE_MMAP 1
#define STDC_HEADERS 1

configure: exit 0
